Mon Mar 10 12:49:25 UTC 2025
Tue Mar 11 13:15:43 UTC 2025
Wed Mar 12 13:15:35 UTC 2025
Thu Mar 13 13:15:56 UTC 2025
Fri Mar 14 13:03:39 UTC 2025
Sat Mar 15 12:59:42 UTC 2025
Sun Mar 16 13:00:56 UTC 2025
Mon Mar 17 13:17:17 UTC 2025
Tue Mar 18 13:16:35 UTC 2025
Wed Mar 19 13:16:06 UTC 2025
Thu Mar 20 13:13:57 UTC 2025
Fri Mar 21 13:05:32 UTC 2025
Sat Mar 22 13:00:28 UTC 2025
Sun Mar 23 13:01:07 UTC 2025
Mon Mar 24 13:17:43 UTC 2025
Tue Mar 25 13:17:24 UTC 2025
Wed Mar 26 13:17:37 UTC 2025
Thu Mar 27 13:16:47 UTC 2025
Fri Mar 28 13:15:29 UTC 2025
Sat Mar 29 13:01:47 UTC 2025
Sun Mar 30 13:02:07 UTC 2025
Mon Mar 31 13:18:32 UTC 2025
